Analysis & Synthesis report for LCD1602a
Sun Feb 17 00:03:36 2019
Quartus Prime Version 18.1.0 Build 625 09/12/2018 SJ Lite Edition


---------------------
; Table of Contents ;
---------------------
  1. Legal Notice
  2. Analysis & Synthesis Summary
  3. Analysis & Synthesis Settings
  4. Parallel Compilation
  5. Analysis & Synthesis Source Files Read
  6. Analysis & Synthesis Resource Usage Summary
  7. Analysis & Synthesis Resource Utilization by Entity
  8. State Machine - |lcd_show|state
  9. Registers Removed During Synthesis
 10. General Register Statistics
 11. Parameter Settings for User Entity Instance: Top-level Entity: |lcd_show
 12. Analysis & Synthesis Messages



----------------
; Legal Notice ;
----------------
Copyright (C) 2018  Intel Corporation. All rights reserved.
Your use of Intel Corporation's design tools, logic functions 
and other software and tools, and its AMPP partner logic 
functions, and any output files from any of the foregoing 
(including device programming or simulation files), and any 
associated documentation or information are expressly subject 
to the terms and conditions of the Intel Program License 
Subscription Agreement, the Intel Quartus Prime License Agreement,
the Intel FPGA IP License Agreement, or other applicable license
agreement, including, without limitation, that your use is for
the sole purpose of programming logic devices manufactured by
Intel and sold by Intel or its authorized distributors.  Please
refer to the applicable agreement for further details.



+---------------------------------------------------------------------------+
; Analysis & Synthesis Summary                                              ;
+-----------------------------+---------------------------------------------+
; Analysis & Synthesis Status ; Successful - Sun Feb 17 00:03:36 2019       ;
; Quartus Prime Version       ; 18.1.0 Build 625 09/12/2018 SJ Lite Edition ;
; Revision Name               ; LCD1602a                                    ;
; Top-level Entity Name       ; lcd_show                                    ;
; Family                      ; MAX II                                      ;
; Total logic elements        ; 57                                          ;
; Total pins                  ; 8                                           ;
; Total virtual pins          ; 0                                           ;
; UFM blocks                  ; 0 / 1 ( 0 % )                               ;
+-----------------------------+---------------------------------------------+


+------------------------------------------------------------------------------------------------------------+
; Analysis & Synthesis Settings                                                                              ;
+------------------------------------------------------------------+--------------------+--------------------+
; Option                                                           ; Setting            ; Default Value      ;
+------------------------------------------------------------------+--------------------+--------------------+
; Device                                                           ; EPM240T100C5       ;                    ;
; Top-level entity name                                            ; lcd_show           ; LCD1602a           ;
; Family name                                                      ; MAX II             ; Cyclone V          ;
; Use smart compilation                                            ; Off                ; Off                ;
; Enable parallel Assembler and Timing Analyzer during compilation ; On                 ; On                 ;
; Enable compact report table                                      ; Off                ; Off                ;
; Restructure Multiplexers                                         ; Auto               ; Auto               ;
; Create Debugging Nodes for IP Cores                              ; Off                ; Off                ;
; Preserve fewer node names                                        ; On                 ; On                 ;
; Intel FPGA IP Evaluation Mode                                    ; Enable             ; Enable             ;
; Verilog Version                                                  ; Verilog_2001       ; Verilog_2001       ;
; VHDL Version                                                     ; VHDL_1993          ; VHDL_1993          ;
; State Machine Processing                                         ; Auto               ; Auto               ;
; Safe State Machine                                               ; Off                ; Off                ;
; Extract Verilog State Machines                                   ; On                 ; On                 ;
; Extract VHDL State Machines                                      ; On                 ; On                 ;
; Ignore Verilog initial constructs                                ; Off                ; Off                ;
; Iteration limit for constant Verilog loops                       ; 5000               ; 5000               ;
; Iteration limit for non-constant Verilog loops                   ; 250                ; 250                ;
; Add Pass-Through Logic to Inferred RAMs                          ; On                 ; On                 ;
; Infer RAMs from Raw Logic                                        ; On                 ; On                 ;
; Parallel Synthesis                                               ; On                 ; On                 ;
; NOT Gate Push-Back                                               ; On                 ; On                 ;
; Power-Up Don't Care                                              ; On                 ; On                 ;
; Remove Redundant Logic Cells                                     ; Off                ; Off                ;
; Remove Duplicate Registers                                       ; On                 ; On                 ;
; Ignore CARRY Buffers                                             ; Off                ; Off                ;
; Ignore CASCADE Buffers                                           ; Off                ; Off                ;
; Ignore GLOBAL Buffers                                            ; Off                ; Off                ;
; Ignore ROW GLOBAL Buffers                                        ; Off                ; Off                ;
; Ignore LCELL Buffers                                             ; Off                ; Off                ;
; Ignore SOFT Buffers                                              ; On                 ; On                 ;
; Limit AHDL Integers to 32 Bits                                   ; Off                ; Off                ;
; Optimization Technique                                           ; Balanced           ; Balanced           ;
; Carry Chain Length                                               ; 70                 ; 70                 ;
; Auto Carry Chains                                                ; On                 ; On                 ;
; Auto Open-Drain Pins                                             ; On                 ; On                 ;
; Perform WYSIWYG Primitive Resynthesis                            ; Off                ; Off                ;
; Auto Shift Register Replacement                                  ; Auto               ; Auto               ;
; Allow Shift Register Merging across Hierarchies                  ; Auto               ; Auto               ;
; Auto Clock Enable Replacement                                    ; On                 ; On                 ;
; Allow Synchronous Control Signals                                ; On                 ; On                 ;
; Force Use of Synchronous Clear Signals                           ; Off                ; Off                ;
; Auto Resource Sharing                                            ; Off                ; Off                ;
; Use LogicLock Constraints during Resource Balancing              ; On                 ; On                 ;
; Ignore translate_off and synthesis_off directives                ; Off                ; Off                ;
; Report Parameter Settings                                        ; On                 ; On                 ;
; Report Source Assignments                                        ; On                 ; On                 ;
; Report Connectivity Checks                                       ; On                 ; On                 ;
; Ignore Maximum Fan-Out Assignments                               ; Off                ; Off                ;
; Synchronization Register Chain Length                            ; 2                  ; 2                  ;
; Power Optimization During Synthesis                              ; Normal compilation ; Normal compilation ;
; HDL message level                                                ; Level2             ; Level2             ;
; Suppress Register Optimization Related Messages                  ; Off                ; Off                ;
; Number of Removed Registers Reported in Synthesis Report         ; 5000               ; 5000               ;
; Number of Swept Nodes Reported in Synthesis Report               ; 5000               ; 5000               ;
; Number of Inverted Registers Reported in Synthesis Report        ; 100                ; 100                ;
; Clock MUX Protection                                             ; On                 ; On                 ;
; Block Design Naming                                              ; Auto               ; Auto               ;
; Synthesis Effort                                                 ; Auto               ; Auto               ;
; Shift Register Replacement - Allow Asynchronous Clear Signal     ; On                 ; On                 ;
; Analysis & Synthesis Message Level                               ; Medium             ; Medium             ;
; Disable Register Merging Across Hierarchies                      ; Auto               ; Auto               ;
+------------------------------------------------------------------+--------------------+--------------------+


+------------------------------------------+
; Parallel Compilation                     ;
+----------------------------+-------------+
; Processors                 ; Number      ;
+----------------------------+-------------+
; Number detected on machine ; 4           ;
; Maximum allowed            ; 2           ;
;                            ;             ;
; Average used               ; 1.00        ;
; Maximum used               ; 1           ;
;                            ;             ;
; Usage by Processor         ; % Time Used ;
;     Processor 1            ; 100.0%      ;
+----------------------------+-------------+


+------------------------------------------------------------------------------------------------------------------------------------+
; Analysis & Synthesis Source Files Read                                                                                             ;
+----------------------------------+-----------------+------------------------+--------------------------------------------+---------+
; File Name with User-Entered Path ; Used in Netlist ; File Type              ; File Name with Absolute Path               ; Library ;
+----------------------------------+-----------------+------------------------+--------------------------------------------+---------+
; lcd1602a.v                       ; yes             ; User Verilog HDL File  ; D:/intelFPGA_lite/18.1/LCD1602a/lcd1602a.v ;         ;
+----------------------------------+-----------------+------------------------+--------------------------------------------+---------+


+-----------------------------------------------------+
; Analysis & Synthesis Resource Usage Summary         ;
+---------------------------------------------+-------+
; Resource                                    ; Usage ;
+---------------------------------------------+-------+
; Total logic elements                        ; 57    ;
;     -- Combinational with no register       ; 21    ;
;     -- Register only                        ; 6     ;
;     -- Combinational with a register        ; 30    ;
;                                             ;       ;
; Logic element usage by number of LUT inputs ;       ;
;     -- 4 input functions                    ; 20    ;
;     -- 3 input functions                    ; 6     ;
;     -- 2 input functions                    ; 22    ;
;     -- 1 input functions                    ; 2     ;
;     -- 0 input functions                    ; 1     ;
;                                             ;       ;
; Logic elements by mode                      ;       ;
;     -- normal mode                          ; 43    ;
;     -- arithmetic mode                      ; 14    ;
;     -- qfbk mode                            ; 0     ;
;     -- register cascade mode                ; 0     ;
;     -- synchronous clear/load mode          ; 0     ;
;     -- asynchronous clear/load mode         ; 0     ;
;                                             ;       ;
; Total registers                             ; 36    ;
; Total logic cells in carry chains           ; 15    ;
; I/O pins                                    ; 8     ;
; Maximum fan-out node                        ; clk   ;
; Maximum fan-out                             ; 21    ;
; Total fan-out                               ; 192   ;
; Average fan-out                             ; 2.95  ;
+---------------------------------------------+-------+


+------------------------------------------------------------------------------------------------------------------------------------------------------------------------------------------------------------------------------------+
; Analysis & Synthesis Resource Utilization by Entity                                                                                                                                                                                ;
+----------------------------+-------------+--------------+------------+------+--------------+--------------+-------------------+------------------+-----------------+------------+---------------------+-------------+--------------+
; Compilation Hierarchy Node ; Logic Cells ; LC Registers ; UFM Blocks ; Pins ; Virtual Pins ; LUT-Only LCs ; Register-Only LCs ; LUT/Register LCs ; Carry Chain LCs ; Packed LCs ; Full Hierarchy Name ; Entity Name ; Library Name ;
+----------------------------+-------------+--------------+------------+------+--------------+--------------+-------------------+------------------+-----------------+------------+---------------------+-------------+--------------+
; |lcd_show                  ; 57 (57)     ; 36           ; 0          ; 8    ; 0            ; 21 (21)      ; 6 (6)             ; 30 (30)          ; 15 (15)         ; 0 (0)      ; |lcd_show           ; lcd_show    ; work         ;
+----------------------------+-------------+--------------+------------+------+--------------+--------------+-------------------+------------------+-----------------+------------+---------------------+-------------+--------------+
Note: For table entries with two numbers listed, the numbers in parentheses indicate the number of resources of the given type used by the specific entity alone. The numbers listed outside of parentheses indicate the total resources of the given type used by the specific entity and all of its sub-entities in the hierarchy.


Encoding Type:  One-Hot
+------------------------------------------------------------------------------------------------------------------------------------------------------------------------------------------------------------------------------------------------+
; State Machine - |lcd_show|state                                                                                                                                                                                                                ;
+-------------------------+------------+-------------------+----------------------+----------------------+-------------------+-------------------+-------------------------+-------------------------+---------------------+---------------------+
; Name                    ; state.idle ; state.write_kappa ; state.shift_down_lsb ; state.shift_down_msb ; state.disp_on_lsb ; state.disp_on_msb ; state.set_disp_mode_lsb ; state.set_disp_mode_msb ; state.clear_lcd_lsb ; state.clear_lcd_msb ;
+-------------------------+------------+-------------------+----------------------+----------------------+-------------------+-------------------+-------------------------+-------------------------+---------------------+---------------------+
; state.clear_lcd_msb     ; 0          ; 0                 ; 0                    ; 0                    ; 0                 ; 0                 ; 0                       ; 0                       ; 0                   ; 0                   ;
; state.clear_lcd_lsb     ; 0          ; 0                 ; 0                    ; 0                    ; 0                 ; 0                 ; 0                       ; 0                       ; 1                   ; 1                   ;
; state.set_disp_mode_msb ; 0          ; 0                 ; 0                    ; 0                    ; 0                 ; 0                 ; 0                       ; 1                       ; 0                   ; 1                   ;
; state.set_disp_mode_lsb ; 0          ; 0                 ; 0                    ; 0                    ; 0                 ; 0                 ; 1                       ; 0                       ; 0                   ; 1                   ;
; state.disp_on_msb       ; 0          ; 0                 ; 0                    ; 0                    ; 0                 ; 1                 ; 0                       ; 0                       ; 0                   ; 1                   ;
; state.disp_on_lsb       ; 0          ; 0                 ; 0                    ; 0                    ; 1                 ; 0                 ; 0                       ; 0                       ; 0                   ; 1                   ;
; state.shift_down_msb    ; 0          ; 0                 ; 0                    ; 1                    ; 0                 ; 0                 ; 0                       ; 0                       ; 0                   ; 1                   ;
; state.shift_down_lsb    ; 0          ; 0                 ; 1                    ; 0                    ; 0                 ; 0                 ; 0                       ; 0                       ; 0                   ; 1                   ;
; state.write_kappa       ; 0          ; 1                 ; 0                    ; 0                    ; 0                 ; 0                 ; 0                       ; 0                       ; 0                   ; 1                   ;
; state.idle              ; 1          ; 0                 ; 0                    ; 0                    ; 0                 ; 0                 ; 0                       ; 0                       ; 0                   ; 1                   ;
+-------------------------+------------+-------------------+----------------------+----------------------+-------------------+-------------------+-------------------------+-------------------------+---------------------+---------------------+


+------------------------------------------------------------+
; Registers Removed During Synthesis                         ;
+---------------------------------------+--------------------+
; Register name                         ; Reason for Removal ;
+---------------------------------------+--------------------+
; state~2                               ; Lost fanout        ;
; state~3                               ; Lost fanout        ;
; state~4                               ; Lost fanout        ;
; state~5                               ; Lost fanout        ;
; Total Number of Removed Registers = 4 ;                    ;
+---------------------------------------+--------------------+


+------------------------------------------------------+
; General Register Statistics                          ;
+----------------------------------------------+-------+
; Statistic                                    ; Value ;
+----------------------------------------------+-------+
; Total registers                              ; 36    ;
; Number of registers using Synchronous Clear  ; 0     ;
; Number of registers using Synchronous Load   ; 0     ;
; Number of registers using Asynchronous Clear ; 0     ;
; Number of registers using Asynchronous Load  ; 0     ;
; Number of registers using Clock Enable       ; 0     ;
; Number of registers using Preset             ; 0     ;
+----------------------------------------------+-------+


+--------------------------------------------------------------------------+
; Parameter Settings for User Entity Instance: Top-level Entity: |lcd_show ;
+-------------------+-------+----------------------------------------------+
; Parameter Name    ; Value ; Type                                         ;
+-------------------+-------+----------------------------------------------+
; clear_lcd_msb     ; 0000  ; Unsigned Binary                              ;
; clear_lcd_lsb     ; 0001  ; Unsigned Binary                              ;
; set_disp_mode_msb ; 0010  ; Unsigned Binary                              ;
; set_disp_mode_lsb ; 0011  ; Unsigned Binary                              ;
; disp_on_msb       ; 0100  ; Unsigned Binary                              ;
; disp_on_lsb       ; 0101  ; Unsigned Binary                              ;
; shift_down_msb    ; 0110  ; Unsigned Binary                              ;
; shift_down_lsb    ; 0111  ; Unsigned Binary                              ;
; write_kappa       ; 1000  ; Unsigned Binary                              ;
; idle              ; 1011  ; Unsigned Binary                              ;
+-------------------+-------+----------------------------------------------+
Note: In order to hide this table in the UI and the text report file, please set the "Show Parameter Settings in Synthesis Report" option in "Analysis and Synthesis Settings -> More Settings" to "Off".


+-------------------------------+
; Analysis & Synthesis Messages ;
+-------------------------------+
Info: *******************************************************************
Info: Running Quartus Prime Analysis & Synthesis
    Info: Version 18.1.0 Build 625 09/12/2018 SJ Lite Edition
    Info: Processing started: Sun Feb 17 00:03:21 2019
Info: Command: quartus_map --read_settings_files=on --write_settings_files=off LCD1602a -c LCD1602a
Warning (18236): Number of processors has not been specified which may cause overloading on shared machines.  Set the global assignment NUM_PARALLEL_PROCESSORS in your QSF to an appropriate value for best performance.
Info (20030): Parallel compilation is enabled and will use 2 of the 2 processors detected
Info (12021): Found 1 design units, including 1 entities, in source file lcd1602a.v
    Info (12023): Found entity 1: lcd_show File: D:/intelFPGA_lite/18.1/LCD1602a/lcd1602a.v Line: 1
Info (12127): Elaborating entity "lcd_show" for the top level hierarchy
Warning (10858): Verilog HDL warning at lcd1602a.v(7): object e used but never assigned File: D:/intelFPGA_lite/18.1/LCD1602a/lcd1602a.v Line: 7
Warning (10230): Verilog HDL assignment warning at lcd1602a.v(27): truncated value with size 32 to match size of target (16) File: D:/intelFPGA_lite/18.1/LCD1602a/lcd1602a.v Line: 27
Warning (10230): Verilog HDL assignment warning at lcd1602a.v(92): truncated value with size 32 to match size of target (4) File: D:/intelFPGA_lite/18.1/LCD1602a/lcd1602a.v Line: 92
Warning (10230): Verilog HDL assignment warning at lcd1602a.v(99): truncated value with size 32 to match size of target (4) File: D:/intelFPGA_lite/18.1/LCD1602a/lcd1602a.v Line: 99
Warning (10230): Verilog HDL assignment warning at lcd1602a.v(106): truncated value with size 32 to match size of target (4) File: D:/intelFPGA_lite/18.1/LCD1602a/lcd1602a.v Line: 106
Warning (10230): Verilog HDL assignment warning at lcd1602a.v(113): truncated value with size 32 to match size of target (4) File: D:/intelFPGA_lite/18.1/LCD1602a/lcd1602a.v Line: 113
Warning (10230): Verilog HDL assignment warning at lcd1602a.v(120): truncated value with size 32 to match size of target (4) File: D:/intelFPGA_lite/18.1/LCD1602a/lcd1602a.v Line: 120
Warning (10230): Verilog HDL assignment warning at lcd1602a.v(127): truncated value with size 32 to match size of target (4) File: D:/intelFPGA_lite/18.1/LCD1602a/lcd1602a.v Line: 127
Warning (10230): Verilog HDL assignment warning at lcd1602a.v(134): truncated value with size 32 to match size of target (4) File: D:/intelFPGA_lite/18.1/LCD1602a/lcd1602a.v Line: 134
Warning (10230): Verilog HDL assignment warning at lcd1602a.v(141): truncated value with size 32 to match size of target (4) File: D:/intelFPGA_lite/18.1/LCD1602a/lcd1602a.v Line: 141
Warning (10230): Verilog HDL assignment warning at lcd1602a.v(148): truncated value with size 32 to match size of target (4) File: D:/intelFPGA_lite/18.1/LCD1602a/lcd1602a.v Line: 148
Warning (10230): Verilog HDL assignment warning at lcd1602a.v(155): truncated value with size 32 to match size of target (4) File: D:/intelFPGA_lite/18.1/LCD1602a/lcd1602a.v Line: 155
Warning (10030): Net "e" at lcd1602a.v(7) has no driver or initial value, using a default initial value '0' File: D:/intelFPGA_lite/18.1/LCD1602a/lcd1602a.v Line: 7
Warning (13024): Output pins are stuck at VCC or GND
    Warning (13410): Pin "RW" is stuck at GND File: D:/intelFPGA_lite/18.1/LCD1602a/lcd1602a.v Line: 4
Info (17049): 4 registers lost all their fanouts during netlist optimizations.
Info (21057): Implemented 65 device resources after synthesis - the final resource count might be different
    Info (21058): Implemented 1 input pins
    Info (21059): Implemented 7 output pins
    Info (21061): Implemented 57 logic cells
Info: Quartus Prime Analysis & Synthesis was successful. 0 errors, 16 warnings
    Info: Peak virtual memory: 575 megabytes
    Info: Processing ended: Sun Feb 17 00:03:36 2019
    Info: Elapsed time: 00:00:15
    Info: Total CPU time (on all processors): 00:00:34


